[
  {
    "level": "INFO",
    "message": "android.ndkVersion from module build.gradle is not set"
  },
  {
    "level": "INFO",
    "message": "ndk.dir in local.properties is C:\\Users\\yoonho\\AppData\\Local\\Android\\Sdk\\ndk\\21.4.7075529"
  },
  {
    "level": "INFO",
    "message": "ANDROID_NDK_HOME environment variable is not set"
  },
  {
    "level": "INFO",
    "message": "sdkFolder is C:\\Users\\user\\AppData\\Local\\Android\\Sdk"
  },
  {
    "level": "INFO",
    "message": "Considering C:\\Users\\yoonho\\AppData\\Local\\Android\\Sdk\\ndk\\21.4.7075529 by ndk.dir"
  },
  {
    "level": "INFO",
    "message": "Considering C:\\Users\\user\\AppData\\Local\\Android\\Sdk\\ndk-bundle in SDK ndk-bundle folder"
  },
  {
    "level": "INFO",
    "message": "Considering C:\\Users\\user\\AppData\\Local\\Android\\Sdk\\ndk\\21.4.7075529 in SDK ndk folder"
  },
  {
    "level": "INFO",
    "message": "Considering C:\\Users\\user\\AppData\\Local\\Android\\Sdk\\ndk\\24.0.8215888 in SDK ndk folder"
  },
  {
    "level": "INFO",
    "message": "Rejected C:\\Users\\yoonho\\AppData\\Local\\Android\\Sdk\\ndk\\21.4.7075529 by ndk.dir because that location has no source.properties"
  },
  {
    "level": "INFO",
    "message": "Rejected C:\\Users\\user\\AppData\\Local\\Android\\Sdk\\ndk-bundle in SDK ndk-bundle folder because that location has no source.properties"
  },
  {
    "level": "ERROR",
    "message": "Location specified by ndk.dir (C:\\Users\\yoonho\\AppData\\Local\\Android\\Sdk\\ndk\\21.4.7075529) did not contain a valid NDK and and couldn\u0027t be used"
  },
  {
    "level": "INFO",
    "message": "Using C:\\Users\\user\\AppData\\Local\\Android\\Sdk\\ndk\\24.0.8215888 which is version 24.0.8215888 as fallback but build will fail"
  }
]